216
#
Ar 0 0 0 
Ar 7.5 15 0 
Ar 15 0 0 
Ar 22.5 15 0 
Ar 30 0 0 
Ar 37.5 15 0 
Ar 45 0 0 
Ar 52.5 15 0 
Ar 60 0 0 
Ar 67.5 15 0 
Ar 75 0 0 
Ar 82.5 15 0 
Ar 90 0 0 
Ar 97.5 15 0 
Ar 105 0 0 
Ar 112.5 15 0 
Ar 120 0 0 
Ar 127.5 15 0 
Ar 0 30 0 
Ar 7.5 45 0 
Ar 15 30 0 
Ar 22.5 45 0 
Ar 30 30 0 
Ar 37.5 45 0 
Ar 45 30 0 
Ar 52.5 45 0 
Ar 60 30 0 
Ar 67.5 45 0 
Ar 75 30 0 
Ar 82.5 45 0 
Ar 90 30 0 
Ar 97.5 45 0 
Ar 105 30 0 
Ar 112.5 45 0 
Ar 120 30 0 
Ar 127.5 45 0 
Ar 0 60 0 
Ar 7.5 75 0 
Ar 15 60 0 
Ar 22.5 75 0 
Ar 30 60 0 
Ar 37.5 75 0 
Ar 45 60 0 
Ar 52.5 75 0 
Ar 60 60 0 
Ar 67.5 75 0 
Ar 75 60 0 
Ar 82.5 75 0 
Ar 90 60 0 
Ar 97.5 75 0 
Ar 105 60 0 
Ar 112.5 75 0 
Ar 120 60 0 
Ar 127.5 75 0 
Ar 0 90 0 
Ar 7.5 105 0 
Ar 15 90 0 
Ar 22.5 105 0 
Ar 30 90 0 
Ar 37.5 105 0 
Ar 45 90 0 
Ar 52.5 105 0 
Ar 60 90 0 
Ar 67.5 105 0 
Ar 75 90 0 
Ar 82.5 105 0 
Ar 90 90 0 
Ar 97.5 105 0 
Ar 105 90 0 
Ar 112.5 105 0 
Ar 120 90 0 
Ar 127.5 105 0 
Ar 7.5 7.5 15 
Ar 15 22.5 15 
Ar 22.5 7.5 15 
Ar 30 22.5 15 
Ar 37.5 7.5 15 
Ar 45 22.5 15 
Ar 52.5 7.5 15 
Ar 60 22.5 15 
Ar 67.5 7.5 15 
Ar 75 22.5 15 
Ar 82.5 7.5 15 
Ar 90 22.5 15 
Ar 97.5 7.5 15 
Ar 105 22.5 15 
Ar 112.5 7.5 15 
Ar 120 22.5 15 
Ar 127.5 7.5 15 
Ar 135 22.5 15 
Ar 7.5 37.5 15 
Ar 15 52.5 15 
Ar 22.5 37.5 15 
Ar 30 52.5 15 
Ar 37.5 37.5 15 
Ar 45 52.5 15 
Ar 52.5 37.5 15 
Ar 60 52.5 15 
Ar 67.5 37.5 15 
Ar 75 52.5 15 
Ar 82.5 37.5 15 
Ar 90 52.5 15 
Ar 97.5 37.5 15 
Ar 105 52.5 15 
Ar 112.5 37.5 15 
Ar 120 52.5 15 
Ar 127.5 37.5 15 
Ar 135 52.5 15 
Ar 7.5 67.5 15 
Ar 15 82.5 15 
Ar 22.5 67.5 15 
Ar 30 82.5 15 
Ar 37.5 67.5 15 
Ar 45 82.5 15 
Ar 52.5 67.5 15 
Ar 60 82.5 15 
Ar 67.5 67.5 15 
Ar 75 82.5 15 
Ar 82.5 67.5 15 
Ar 90 82.5 15 
Ar 97.5 67.5 15 
Ar 105 82.5 15 
Ar 112.5 67.5 15 
Ar 120 82.5 15 
Ar 127.5 67.5 15 
Ar 135 82.5 15 
Ar 7.5 97.5 15 
Ar 15 112.5 15 
Ar 22.5 97.5 15 
Ar 30 112.5 15 
Ar 37.5 97.5 15 
Ar 45 112.5 15 
Ar 52.5 97.5 15 
Ar 60 112.5 15 
Ar 67.5 97.5 15 
Ar 75 112.5 15 
Ar 82.5 97.5 15 
Ar 90 112.5 15 
Ar 97.5 97.5 15 
Ar 105 112.5 15 
Ar 112.5 97.5 15 
Ar 120 112.5 15 
Ar 127.5 97.5 15 
Ar 135 112.5 15 
Ar 15 15 30 
Ar 22.5 30 30 
Ar 30 15 30 
Ar 37.5 30 30 
Ar 45 15 30 
Ar 52.5 30 30 
Ar 60 15 30 
Ar 67.5 30 30 
Ar 75 15 30 
Ar 82.5 30 30 
Ar 90 15 30 
Ar 97.5 30 30 
Ar 105 15 30 
Ar 112.5 30 30 
Ar 120 15 30 
Ar 127.5 30 30 
Ar 135 15 30 
Ar 142.5 30 30 
Ar 15 45 30 
Ar 22.5 60 30 
Ar 30 45 30 
Ar 37.5 60 30 
Ar 45 45 30 
Ar 52.5 60 30 
Ar 60 45 30 
Ar 67.5 60 30 
Ar 75 45 30 
Ar 82.5 60 30 
Ar 90 45 30 
Ar 97.5 60 30 
Ar 105 45 30 
Ar 112.5 60 30 
Ar 120 45 30 
Ar 127.5 60 30 
Ar 135 45 30 
Ar 142.5 60 30 
Ar 15 75 30 
Ar 22.5 90 30 
Ar 30 75 30 
Ar 37.5 90 30 
Ar 45 75 30 
Ar 52.5 90 30 
Ar 60 75 30 
Ar 67.5 90 30 
Ar 75 75 30 
Ar 82.5 90 30 
Ar 90 75 30 
Ar 97.5 90 30 
Ar 105 75 30 
Ar 112.5 90 30 
Ar 120 75 30 
Ar 127.5 90 30 
Ar 135 75 30 
Ar 142.5 90 30 
Ar 15 105 30 
Ar 22.5 120 30 
Ar 30 105 30 
Ar 37.5 120 30 
Ar 45 105 30 
Ar 52.5 120 30 
Ar 60 105 30 
Ar 67.5 120 30 
Ar 75 105 30 
Ar 82.5 120 30 
Ar 90 105 30 
Ar 97.5 120 30 
Ar 105 105 30 
Ar 112.5 120 30 
Ar 120 105 30 
Ar 127.5 120 30 
Ar 135 105 30 
Ar 142.5 120 30 
Printing the components of velocity
-6.35369e+06 | 5.60788e+06 | -6.85083e+06
1.00837e+07 | -3.94846e+06 | -7.40041e+06
9.56199e+06 | -3.12886e+06 | -1.41952e+06
-7.11091e+06 | -1.28597e+07 | 3.64227e+06
9.88515e+06 | -3.65931e+06 | -2.85633e+06
6.26929e+06 | -3.49737e+06 | -3.40393e+06
1.42564e+07 | -1.6695e+06 | 1.6443e+07
-5.95793e+06 | -1.1548e+07 | -6.24421e+06
5.68320e+06 | -2.09419e+06 | -6.06756e+06
-383060 | -2.47962e+06 | -4.28758e+06
-28424.2 | 1.43093e+07 | -5.76186e+06
8.63326e+06 | -481885 | 6.283e+06
3.47581e+06 | -6.09725e+06 | -5.18916e+06
-8.05093e+06 | 8.34413e+06 | 977779
8.40325e+06 | 268302 | -6.67059e+06
7.75709e+06 | -5.21701e+06 | -5.83314e+06
2.91656e+06 | -3.16067e+06 | 1.03344e+06
1.11334e+07 | 1.12025e+07 | 461837
6.59957e+06 | -1.1858e+07 | -7.43974e+06
3.57542e+06 | -4.92413e+06 | -989672
2.53029e+06 | -1.46602e+07 | -274310
494536 | 1.5801e+06 | 1.66354e+06
1.39555e+07 | -1.72809e+06 | 4.26683e+06
7.48946e+06 | -9.15235e+06 | 4.22011e+06
-6.65886e+06 | -1.45233e+07 | 2.16667e+06
1.42457e+07 | 2.08094e+06 | -2.17316e+06
1.30828e+06 | 4.07667e+06 | -9.80053e+06
-9.2187e+06 | -2.12425e+06 | 6.49056e+06
7.40065e+06 | 9.56366e+06 | -1.52636e+06
-5.41647e+06 | -1.30477e+06 | 1.02903e+07
-2.83134e+06 | 1.42902e+07 | 1.40052e+07
2.19137e+06 | -32208.7 | 1.87831e+06
-5.00835e+06 | 8.11749e+06 | 1.78833e+06
2.16022e+06 | 238695 | -6.85064e+06
7.50478e+06 | -9.37853e+06 | -2.81044e+06
-1.13355e+06 | 2.95741e+06 | -6.31492e+06
2.04118e+06 | -238506 | 1.1996e+06
6.93163e+06 | 817457 | 1.86113e+06
-2.38572e+06 | 5.89345e+06 | 2.4816e+06
-5.76484e+06 | 1.66138e+06 | 8.0851e+06
1.17724e+07 | -818625 | 1.26437e+07
6.57556e+06 | 1.088e+07 | -1.42818e+06
4.30504e+06 | 2.90678e+06 | 7.65084e+06
-1.28985e+07 | -6.69928e+06 | -883135
2.55884e+06 | -1.13843e+07 | -1.29115e+07
2.0434e+06 | -1.35283e+06 | -7.04942e+06
7.75958e+06 | -3.18106e+06 | 5.76357e+06
5.80516e+06 | -1.27718e+07 | 2.25715e+06
-7.42988e+06 | -3.82217e+06 | 5.42577e+06
7.19708e+06 | -2.17447e+06 | -1.23062e+06
1.11498e+07 | -6.27726e+06 | 2.84692e+06
-5.92394e+06 | 1.26768e+07 | -1.35253e+06
-2.15811e+06 | 2.01864e+06 | 3.2489e+06
-175209 | 3.97005e+06 | 2.68786e+06
-4.29719e+06 | -4.92244e+06 | -1.04193e+06
-1.64933e+06 | -1.74784e+06 | 450743
1.63106e+06 | 2.11766e+06 | 2.19084e+06
113605 | 4.3865e+06 | 4.10396e+06
3.25735e+06 | 5.52091e+06 | 9.29766e+06
218770 | -1.0546e+07 | 454508
449127 | 4.67435e+06 | 1.43907e+06
-4.97016e+06 | -2.93219e+06 | 282474
9.38071e+06 | -7.18846e+06 | 3.41708e+06
-8.34006e+06 | -2.86816e+06 | 287629
-2.65295e+06 | -4.04274e+06 | 5.05422e+06
-352522 | -3.49963e+06 | -5.60657e+06
-6.35328e+06 | -4.83701e+06 | -8.01959e+06
9.19742e+06 | -624862 | 1.56836e+07
1.53371e+06 | -7.27726e+06 | -2.62414e+06
-9.73285e+06 | -4.83128e+06 | 6.15531e+06
4.15109e+06 | 2.53674e+06 | -2.0927e+06
766779 | 4.63455e+06 | 7.80281e+06
-1.24261e+07 | -6.20231e+06 | 6.42897e+06
-1.12936e+07 | 787984 | 1.32986e+07
-5.36124e+06 | 7.55285e+06 | -5.18438e+06
8.81239e+06 | 2.91843e+06 | -1.25548e+07
-6.98928e+06 | -6.76184e+06 | -5.14287e+06
-6.82493e+06 | -321845 | -2.37921e+06
-274750 | -1.56403e+06 | 862779
-9.39298e+06 | -1.27412e+07 | -1.01178e+07
-2.84688e+06 | 2.41942e+06 | 7.76601e+06
8.17069e+06 | 6.19312e+06 | -7.5317e+06
-6.27979e+06 | -6.84546e+06 | 7.32049e+06
-1.08453e+06 | 8.69005e+06 | -6.15390e+06
4.2852e+06 | -2.45782e+06 | 7.66785e+06
1.05218e+07 | 3.62863e+06 | -5.10364e+06
8.62707e+06 | 8.1838e+06 | 5.89233e+06
4.79162e+06 | 1.23753e+06 | 8.1392e+06
1.20058e+07 | 2.20222e+06 | 9.47339e+06
-2.21548e+06 | 4.5846e+06 | -1.08227e+07
-1.23681e+07 | -6.79606e+06 | -9.55101e+06
-4.4745e+06 | -2.11159e+06 | 1.00379e+07
-2.16605e+06 | 9.04206e+06 | 1.43647e+07
-7.85637e+06 | -2.91858e+06 | 2.67299e+06
1.59864e+06 | 1.77755e+06 | -6.29009e+06
-1.34457e+07 | -5.93156e+06 | 2.24474e+06
1.49231e+07 | -5.92444e+06 | 3.31701e+06
2.11375e+06 | -2.00955e+06 | -6.22918e+06
-6.8481e+06 | -6.04439e+06 | 383210
-9.07391e+06 | -5.61313e+06 | -257382
3.79344e+06 | -7.10281e+06 | -7.25359e+06
-3.71277e+06 | -5.44183e+06 | -570739
-4.18062e+06 | -1.99225e+06 | 3.99749e+06
-5.38395e+06 | -4.62453e+06 | 9.80493e+06
-8.94262e+06 | -749580 | -2.24736e+06
-8.30928e+06 | 2.82341e+06 | -4.83804e+06
-1.07191e+06 | 7.85596e+06 | -2.48026e+06
-4.59021e+06 | -1.20616e+07 | -5.6601e+06
7.67384e+06 | 8.33989e+06 | 6.17955e+06
-5.77809e+06 | 7.09603e+06 | 1.08633e+06
110054 | 4.12415e+06 | -3.41912e+06
-6.49541e+06 | 2.65745e+06 | -4.27303e+06
-1.302e+07 | -42452.9 | -3.34688e+06
3.67078e+06 | 6.19686e+06 | 1.24221e+07
-1.262e+07 | 9.69749e+06 | -2.5073e+06
4.84381e+06 | -1.42888e+06 | -4.6738e+06
6.41479e+06 | -3.05373e+06 | -4.51856e+06
6.5215e+06 | -3.71156e+06 | -2.28437e+06
-8.4496e+06 | -5.45534e+06 | -2.38263e+06
-3.88693e+06 | -1.89291e+06 | -2.40167e+06
8.90653e+06 | -7.49681e+06 | 6.2663e+06
2.19774e+06 | 8.41092e+06 | 6.54868e+06
1.03794e+07 | 1.28415e+07 | -1.07138e+07
3.34071e+06 | 9.94626e+06 | -4.08264e+06
-5.92679e+06 | 4.123e+06 | -4.46993e+06
2.89946e+06 | 5.40394e+06 | -8.61072e+06
3.37715e+06 | 1.6911e+06 | 3.20717e+06
-2.70614e+06 | 1.71909e+07 | 3.95326e+06
-972012 | -1.18529e+06 | -3.14462e+06
-1.35768e+06 | -1.07858e+07 | -5.06187e+06
-6.76883e+06 | -1.17328e+06 | -3.04672e+06
-3.00759e+06 | 6.79352e+06 | -644407
6.8494e+06 | 7.73897e+06 | 4.23023e+06
5.65123e+06 | -6.70265e+06 | 6.99193e+06
-5.91394e+06 | 9.29006e+06 | -7.75719e+06
-2.14598e+06 | 3.29368e+06 | -5.6368e+06
-471770 | 3.43521e+06 | 5.78947e+06
3.27730e+06 | 7.49025e+06 | 3.94887e+06
2.39916e+06 | 873893 | -1.66172e+06
-1.8586e+06 | 1.66473e+07 | -2.82051e+06
-5.7451e+06 | 9.25144e+06 | -3.06354e+06
3.09079e+06 | -5.05419e+06 | 1.01708e+07
-7.01787e+06 | 2.90526e+06 | -1.3868e+07
3.93626e+06 | -4.29782e+06 | -1.04817e+07
-5.81326e+06 | 7.63979e+06 | 933781
3.7887e+06 | -1.40564e+06 | -4.50522e+06
4.98327e+06 | -1.17406e+07 | 406148
6.37442e+06 | -1.10836e+07 | 8.70284e+06
-4.72883e+06 | -9.91671e+06 | 1.18538e+07
-3.8173e+06 | -2.72992e+06 | 1.73279e+07
-4.5723e+06 | -2.88343e+06 | 3.0074e+06
7.16743e+06 | 1.74109e+06 | -5.22317e+06
6.24142e+06 | -616589 | -4.5788e+06
-444140 | 2.04942e+06 | 1.88559e+06
-6.80747e+06 | 540612 | -6.74172e+06
4.67463e+06 | 6.68449e+06 | -4.04083e+06
249998 | 5.50454e+06 | -7.96096e+06
5.92381e+06 | -1.51495e+06 | 1.13942e+07
-1.23478e+07 | 5.33516e+06 | 6.43101e+06
-7.23147e+06 | 4.99749e+06 | -2.8042e+06
-930719 | 6.14788e+06 | -3.89419e+06
-3.03953e+06 | 4.76649e+06 | -4.03664e+06
2.64964e+06 | 5.42236e+06 | 5.76509e+06
-6.33988e+06 | -2.02775e+06 | -1.3791e+06
4.50724e+06 | -1.81838e+07 | 3.66376e+06
-1.55149e+06 | 55034.6 | -1.02628e+07
2.36618e+06 | -3.71752e+06 | 9.20335e+06
736462 | -6.14871e+06 | -6.54134e+06
5.1895e+06 | -9.60228e+06 | 1.77157e+06
-5.63614e+06 | 8.63152e+06 | -9.31208e+06
3.49017e+06 | 474220 | -8.76970e+06
-2.53689e+06 | -2.86063e+06 | 5.71608e+06
390091 | -1.28139e+06 | 1.53515e+06
-1.07443e+07 | 9.78814e+06 | -4.69523e+06
-1.2415e+07 | -7.44421e+06 | 1.62018e+07
4.69659e+06 | -5.91213e+06 | 4.57329e+06
1.0276e+07 | -7.80534e+06 | -8.13459e+06
1.18805e+07 | -7.77038e+06 | 8.01744e+06
1.51049e+07 | 4.566e+06 | -6.7953e+06
-1.83311e+07 | -3.26117e+06 | -3.81772e+06
-1.18965e+07 | 3.18158e+06 | 4.43853e+06
-3.37949e+06 | 9.45565e+06 | -3.98021e+06
-1.00299e+06 | 1.40369e+07 | -505527
-1.14171e+07 | 8.16365e+06 | 3.80663e+06
3.10371e+06 | 5.37775e+06 | -4.60522e+06
-5.19739e+06 | -422722 | -7.73486e+06
-4.05249e+06 | 5.87389e+06 | -3.42959e+06
-3.18505e+06 | 3.3563e+06 | 2.28612e+06
1.06126e+07 | -6.12203e+06 | -8.16347e+06
7.94753e+06 | -2.43644e+06 | 5.89979e+06
-2.62672e+06 | 408249 | 1.24202e+07
-4.04799e+06 | -6.30092e+06 | 6.71611e+06
4.56301e+06 | -7.3587e+06 | 3.75151e+06
2.07231e+06 | 5.85174e+06 | 1.94426e+06
-4.09619e+06 | 5.11925e+06 | 4.13908e+06
-8.4e+06 | -1.07192e+06 | -7.00466e+06
-7.24235e+06 | -3.19045e+06 | 9.94586e+06
-1.0224e+07 | 1.06895e+07 | -2.51582e+06
7.04083e+06 | -1.66243e+06 | -1.29032e+07
699843 | 521346 | 1.16778e+07
-402524 | 3.4811e+06 | -5.05296e+06
1.0166e+06 | -1.48475e+06 | -4.51073e+06
4.40132e+06 | 160823 | -407686
-7.44639e+06 | -70075.2 | -1.03975e+07
-2.37071e+06 | -1.78656e+06 | 3.89406e+06
1.4143e+06 | 1.10503e+07 | -6.25299e+06
-1.01861e+07 | -1.8388e+06 | 5.76132e+06
1.34518e+07 | -5.45086e+06 | -2.18417e+06
-2.35575e+06 | -2.97585e+06 | 10215.6
6.08707e+06 | -4.75982e+06 | 9.70276e+06
-663792 | -7.86535e+06 | -9.53072e+06
3.1223e+06 | 5.71853e+06 | -4.14202e+06
-2.60865e+06 | 1.08278e+07 | -7.33136e+06
-3.01674e+06 | -2.74495e+06 | 2.93113e+06
306840 | 7.59482e+06 | -6.97987e+06

The kinetic temperature is 20.9505
